2024-10-08 09:07:56,577 INFO o.h.v.i.u.Version [background-preinit] HV000001: Hibernate Validator 6.2.0.Final
2024-10-08 09:07:56,610 INFO o.s.b.StartupInfoLogger [main] Starting QmsApplication using Java 17.0.9 on DESKTOP-NBOG91H with PID 30212 (D:\RangDongProject\qms\qms\build\classes\java\main started by Dell in D:\RangDongProject\qms\qms)
2024-10-08 09:07:56,610 INFO o.s.b.SpringApplication [main] No active profile set, falling back to default profiles: default
2024-10-08 09:07:57,471 INFO o.s.d.r.c.RepositoryConfigurationDelegate [main] Bootstrapping Spring Data JPA repositories in DEFAULT mode.
2024-10-08 09:07:57,629 INFO o.s.d.r.c.RepositoryConfigurationDelegate [main] Finished Spring Data repository scanning in 150 ms. Found 76 JPA repository interfaces.
2024-10-08 09:07:57,639 INFO o.s.d.r.c.RepositoryConfigurationDelegate [main] Bootstrapping Spring Data JPA repositories in DEFAULT mode.
2024-10-08 09:07:57,646 INFO o.s.d.r.c.RepositoryConfigurationDelegate [main] Finished Spring Data repository scanning in 6 ms. Found 2 JPA repository interfaces.
2024-10-08 09:07:57,646 INFO o.s.d.r.c.RepositoryConfigurationDelegate [main] Bootstrapping Spring Data JPA repositories in DEFAULT mode.
2024-10-08 09:07:57,663 INFO o.s.d.r.c.RepositoryConfigurationDelegate [main] Finished Spring Data repository scanning in 16 ms. Found 8 JPA repository interfaces.
2024-10-08 09:07:58,168 INFO o.s.c.c.s.GenericScope [main] BeanFactory id=210dbeb7-c142-381a-9f82-e18cbaba848f
2024-10-08 09:07:59,449 INFO o.s.b.w.e.t.TomcatWebServer [main] Tomcat initialized with port(s): 8449 (http)
2024-10-08 09:07:59,495 INFO o.a.j.l.DirectJDKLog [main] Initializing ProtocolHandler ["http-nio-8449"]
2024-10-08 09:07:59,499 INFO o.a.j.l.DirectJDKLog [main] Starting service [Tomcat]
2024-10-08 09:07:59,501 INFO o.a.j.l.DirectJDKLog [main] Starting Servlet engine: [Apache Tomcat/9.0.56]
2024-10-08 09:07:59,629 INFO o.a.j.l.DirectJDKLog [main] Initializing Spring embedded WebApplicationContext
2024-10-08 09:07:59,630 INFO o.s.b.w.s.c.ServletWebServerApplicationContext [main] Root WebApplicationContext: initialization completed in 2986 ms
2024-10-08 09:07:59,927 WARN o.s.b.a.o.j.JpaBaseConfiguration$JpaWebConfiguration [main] spring.jpa.open-in-view is enabled by default. Therefore, database queries may be performed during view rendering. Explicitly configure spring.jpa.open-in-view to disable this warning
2024-10-08 09:08:00,294 INFO o.h.j.i.u.LogHelper [main] HHH000204: Processing PersistenceUnitInfo [name: default]
2024-10-08 09:08:00,473 INFO o.h.Version [main] HHH000412: Hibernate ORM core version 5.6.3.Final
2024-10-08 09:08:00,811 INFO o.h.a.c.r.j.JavaReflectionManager [main] HCANN000001: Hibernate Commons Annotations {5.1.2.Final}
2024-10-08 09:08:01,235 INFO c.z.h.HikariDataSource [main] HikariPool-1 - Starting...
2024-10-08 09:08:01,451 INFO c.z.h.HikariDataSource [main] HikariPool-1 - Start completed.
2024-10-08 09:08:01,465 INFO o.h.d.Dialect [main] HHH000400: Using dialect: org.hibernate.dialect.MySQL5Dialect
2024-10-08 09:08:02,753 INFO o.h.e.t.j.p.i.JtaPlatformInitiator [main] HHH000490: Using JtaPlatform implementation: [org.hibernate.engine.transaction.jta.platform.internal.NoJtaPlatform]
2024-10-08 09:08:02,834 INFO o.s.o.j.AbstractEntityManagerFactoryBean [main] Initialized JPA EntityManagerFactory for persistence unit 'default'
2024-10-08 09:08:03,001 INFO o.h.j.i.u.LogHelper [main] HHH000204: Processing PersistenceUnitInfo [name: default]
2024-10-08 09:08:03,157 INFO c.z.h.HikariDataSource [main] HikariPool-2 - Starting...
2024-10-08 09:08:03,206 INFO c.z.h.HikariDataSource [main] HikariPool-2 - Start completed.
2024-10-08 09:08:03,206 INFO o.h.d.Dialect [main] HHH000400: Using dialect: org.hibernate.dialect.MySQL5Dialect
2024-10-08 09:08:03,372 INFO o.h.e.t.j.p.i.JtaPlatformInitiator [main] HHH000490: Using JtaPlatform implementation: [org.hibernate.engine.transaction.jta.platform.internal.NoJtaPlatform]
2024-10-08 09:08:03,381 INFO o.s.o.j.AbstractEntityManagerFactoryBean [main] Initialized JPA EntityManagerFactory for persistence unit 'default'
2024-10-08 09:08:03,403 INFO o.h.j.i.u.LogHelper [main] HHH000204: Processing PersistenceUnitInfo [name: default]
2024-10-08 09:08:03,552 INFO c.z.h.HikariDataSource [main] HikariPool-3 - Starting...
2024-10-08 09:08:03,722 WARN c.m.s.j.TDSChannel [main] TLSv1 was negotiated. Please update server and client to use TLSv1.2 at minimum.
2024-10-08 09:08:03,764 INFO c.z.h.HikariDataSource [main] HikariPool-3 - Start completed.
2024-10-08 09:08:03,768 INFO o.h.d.Dialect [main] HHH000400: Using dialect: org.hibernate.dialect.MySQL5Dialect
2024-10-08 09:08:03,921 WARN c.m.s.j.TDSChannel [HikariPool-3 connection adder] TLSv1 was negotiated. Please update server and client to use TLSv1.2 at minimum.
2024-10-08 09:08:03,954 WARN c.m.s.j.TDSChannel [HikariPool-3 connection adder] TLSv1 was negotiated. Please update server and client to use TLSv1.2 at minimum.
2024-10-08 09:08:03,977 WARN c.m.s.j.TDSChannel [HikariPool-3 connection adder] TLSv1 was negotiated. Please update server and client to use TLSv1.2 at minimum.
2024-10-08 09:08:03,979 INFO o.h.e.t.j.p.i.JtaPlatformInitiator [main] HHH000490: Using JtaPlatform implementation: [org.hibernate.engine.transaction.jta.platform.internal.NoJtaPlatform]
2024-10-08 09:08:04,003 WARN c.m.s.j.TDSChannel [HikariPool-3 connection adder] TLSv1 was negotiated. Please update server and client to use TLSv1.2 at minimum.
2024-10-08 09:08:04,144 INFO o.s.o.j.AbstractEntityManagerFactoryBean [main] Initialized JPA EntityManagerFactory for persistence unit 'default'
2024-10-08 09:08:05,944 DEBUG o.h.e.j.s.SqlStatementLogger [main] select setting0_.id as id1_67_, setting0_.approve as approve2_67_, setting0_.code as code3_67_, setting0_.key as key4_67_, setting0_.name as name5_67_ from setting setting0_
2024-10-08 09:08:06,000 DEBUG o.h.e.j.s.SqlStatementLogger [main] select noticonfig0_.id as id1_18_, noticonfig0_.app_name as app_name2_18_, noticonfig0_.content as content3_18_, noticonfig0_.created_at as created_4_18_, noticonfig0_.note as note5_18_, noticonfig0_.title as title6_18_, noticonfig0_.topic as topic7_18_, noticonfig0_.type as type8_18_, noticonfig0_.updated_at as updated_9_18_, noticonfig0_.warning_type as warning10_18_ from noti_config noticonfig0_
2024-10-08 09:08:06,048 INFO o.a.k.c.c.AbstractConfig [main] ProducerConfig values: 
	acks = -1
	batch.size = 16384
	bootstrap.servers = [192.168.68.76:9092, 192.168.68.76:9093]
	buffer.memory = 33554432
	client.dns.lookup = use_all_dns_ips
	client.id = producer-1
	compression.type = none
	connections.max.idle.ms = 540000
	delivery.timeout.ms = 120000
	enable.idempotence = true
	interceptor.classes = []
	key.serializer = class org.apache.kafka.common.serialization.StringSerializer
	linger.ms = 0
	max.block.ms = 60000
	max.in.flight.requests.per.connection = 5
	max.request.size = 1048576
	metadata.max.age.ms = 300000
	metadata.max.idle.ms = 300000
	metric.reporters = []
	metrics.num.samples = 2
	metrics.recording.level = INFO
	metrics.sample.window.ms = 30000
	partitioner.class = class org.apache.kafka.clients.producer.internals.DefaultPartitioner
	receive.buffer.bytes = 32768
	reconnect.backoff.max.ms = 1000
	reconnect.backoff.ms = 50
	request.timeout.ms = 30000
	retries = 2147483647
	retry.backoff.ms = 100
	sasl.client.callback.handler.class = null
	sasl.jaas.config = null
	sasl.kerberos.kinit.cmd = /usr/bin/kinit
	sasl.kerberos.min.time.before.relogin = 60000
	sasl.kerberos.service.name = null
	sasl.kerberos.ticket.renew.jitter = 0.05
	sasl.kerberos.ticket.renew.window.factor = 0.8
	sasl.login.callback.handler.class = null
	sasl.login.class = null
	sasl.login.refresh.buffer.seconds = 300
	sasl.login.refresh.min.period.seconds = 60
	sasl.login.refresh.window.factor = 0.8
	sasl.login.refresh.window.jitter = 0.05
	sasl.mechanism = GSSAPI
	security.protocol = PLAINTEXT
	security.providers = null
	send.buffer.bytes = 131072
	socket.connection.setup.timeout.max.ms = 30000
	socket.connection.setup.timeout.ms = 10000
	ssl.cipher.suites = null
	ssl.enabled.protocols = [TLSv1.2, TLSv1.3]
	ssl.endpoint.identification.algorithm = https
	ssl.engine.factory.class = null
	ssl.key.password = null
	ssl.keymanager.algorithm = SunX509
	ssl.keystore.certificate.chain = null
	ssl.keystore.key = null
	ssl.keystore.location = null
	ssl.keystore.password = null
	ssl.keystore.type = JKS
	ssl.protocol = TLSv1.3
	ssl.provider = null
	ssl.secure.random.implementation = null
	ssl.trustmanager.algorithm = PKIX
	ssl.truststore.certificates = null
	ssl.truststore.location = null
	ssl.truststore.password = null
	ssl.truststore.type = JKS
	transaction.timeout.ms = 60000
	transactional.id = null
	value.serializer = class org.apache.kafka.common.serialization.StringSerializer

2024-10-08 09:08:06,107 INFO o.a.k.c.u.AppInfoParser$AppInfo [main] Kafka version: 3.0.0
2024-10-08 09:08:06,108 INFO o.a.k.c.u.AppInfoParser$AppInfo [main] Kafka commitId: 8cb0a5e9d3441962
2024-10-08 09:08:06,108 INFO o.a.k.c.u.AppInfoParser$AppInfo [main] Kafka startTimeMs: 1728353286106
2024-10-08 09:08:06,117 INFO c.f.q.u.AppLog [Thread-3] SCAN100 PROCESS!!!
2024-10-08 09:08:06,117 INFO c.f.q.u.AppLog [Thread-2] WARNING PROCESS!!!
2024-10-08 09:08:06,541 INFO o.a.k.c.Metadata [kafka-producer-network-thread | producer-1] [Producer clientId=producer-1] Cluster ID: 3FTy3rTqTzyOK5EvxJZljQ
2024-10-08 09:08:08,476 INFO o.s.s.w.DefaultSecurityFilterChain [main] Will secure any request with [org.springframework.security.web.context.request.async.WebAsyncManagerIntegrationFilter@5e2c3e80, org.springframework.security.web.context.SecurityContextPersistenceFilter@7629902, org.springframework.security.web.header.HeaderWriterFilter@226ddb69, org.keycloak.adapters.springsecurity.filter.KeycloakPreAuthActionsFilter@4d5bfb1a, org.keycloak.adapters.springsecurity.filter.KeycloakAuthenticationProcessingFilter@69c7b870, org.springframework.security.web.authentication.logout.LogoutFilter@e207342, org.springframework.security.web.savedrequest.RequestCacheAwareFilter@61da44b5, org.springframework.security.web.servletapi.SecurityContextHolderAwareRequestFilter@71efa55d, org.keycloak.adapters.springsecurity.filter.KeycloakSecurityContextRequestFilter@4ba62429, org.keycloak.adapters.springsecurity.filter.KeycloakAuthenticatedActionsFilter@5563630d, org.springframework.security.web.authentication.AnonymousAuthenticationFilter@6c60c170, org.springframework.security.web.session.SessionManagementFilter@7c49fbd8, org.springframework.security.web.access.ExceptionTranslationFilter@7a8a2cd8, org.springframework.security.web.access.intercept.FilterSecurityInterceptor@62307118]
2024-10-08 09:08:10,951 INFO o.s.c.c.u.InetUtils [main] Cannot determine local hostname
2024-10-08 09:08:11,146 INFO o.a.j.l.DirectJDKLog [main] Starting ProtocolHandler ["http-nio-8449"]
2024-10-08 09:08:11,168 INFO o.s.b.w.e.t.TomcatWebServer [main] Tomcat started on port(s): 8449 (http) with context path ''
2024-10-08 09:08:12,360 INFO o.s.c.c.u.InetUtils [main] Cannot determine local hostname
2024-10-08 09:08:12,389 INFO o.s.b.StartupInfoLogger [main] Started QmsApplication in 17.172 seconds (JVM running for 17.883)
2024-10-08 09:08:12,742 INFO o.a.j.l.DirectJDKLog [http-nio-8449-exec-2] Initializing Spring DispatcherServlet 'dispatcherServlet'
2024-10-08 09:08:12,742 INFO o.s.w.s.FrameworkServlet [http-nio-8449-exec-2] Initializing Servlet 'dispatcherServlet'
2024-10-08 09:08:12,744 INFO o.s.w.s.FrameworkServlet [http-nio-8449-exec-2] Completed initialization in 1 ms
2024-10-08 09:08:13,080 INFO o.k.a.KeycloakDeployment [http-nio-8449-exec-2] Loaded URLs from http://192.168.18.99:8080/auth/realms/jhipster/.well-known/openid-configuration
2024-10-08 09:08:13,468 INFO c.f.q.u.AppLog [http-nio-8449-exec-2] /setting/menu
2024-10-08 09:08:13,493 INFO c.f.q.u.AppLog [http-nio-8449-exec-2] 4b6f5f7c-dfc2-4c7e-8e73-919488b8ecc7 GetSettingByUser
2024-10-08 09:08:13,514 DEBUG o.h.e.j.s.SqlStatementLogger [http-nio-8449-exec-2] select menu0_.id as id1_17_, menu0_.class as class2_17_, menu0_.created_at as created_3_17_, menu0_.name as name4_17_, menu0_.order as order5_17_, menu0_.parent_id as parent_i6_17_, menu0_.path as path7_17_, menu0_.permission as permissi8_17_, menu0_.updated_at as updated_9_17_ from menu menu0_ where menu0_.parent_id is null order by menu0_.order asc
2024-10-08 09:08:13,555 DEBUG o.h.e.j.s.SqlStatementLogger [http-nio-8449-exec-2] select menus0_.parent_id as parent_i6_17_0_, menus0_.id as id1_17_0_, menus0_.id as id1_17_1_, menus0_.class as class2_17_1_, menus0_.created_at as created_3_17_1_, menus0_.name as name4_17_1_, menus0_.order as order5_17_1_, menus0_.parent_id as parent_i6_17_1_, menus0_.path as path7_17_1_, menus0_.permission as permissi8_17_1_, menus0_.updated_at as updated_9_17_1_ from menu menus0_ where menus0_.parent_id=? order by menus0_.order
2024-10-08 09:08:13,589 DEBUG o.h.e.j.s.SqlStatementLogger [http-nio-8449-exec-2] select menus0_.parent_id as parent_i6_17_0_, menus0_.id as id1_17_0_, menus0_.id as id1_17_1_, menus0_.class as class2_17_1_, menus0_.created_at as created_3_17_1_, menus0_.name as name4_17_1_, menus0_.order as order5_17_1_, menus0_.parent_id as parent_i6_17_1_, menus0_.path as path7_17_1_, menus0_.permission as permissi8_17_1_, menus0_.updated_at as updated_9_17_1_ from menu menus0_ where menus0_.parent_id=? order by menus0_.order
2024-10-08 09:08:13,603 DEBUG o.h.e.j.s.SqlStatementLogger [http-nio-8449-exec-2] select menus0_.parent_id as parent_i6_17_0_, menus0_.id as id1_17_0_, menus0_.id as id1_17_1_, menus0_.class as class2_17_1_, menus0_.created_at as created_3_17_1_, menus0_.name as name4_17_1_, menus0_.order as order5_17_1_, menus0_.parent_id as parent_i6_17_1_, menus0_.path as path7_17_1_, menus0_.permission as permissi8_17_1_, menus0_.updated_at as updated_9_17_1_ from menu menus0_ where menus0_.parent_id=? order by menus0_.order
2024-10-08 09:08:13,612 DEBUG o.h.e.j.s.SqlStatementLogger [http-nio-8449-exec-2] select menus0_.parent_id as parent_i6_17_0_, menus0_.id as id1_17_0_, menus0_.id as id1_17_1_, menus0_.class as class2_17_1_, menus0_.created_at as created_3_17_1_, menus0_.name as name4_17_1_, menus0_.order as order5_17_1_, menus0_.parent_id as parent_i6_17_1_, menus0_.path as path7_17_1_, menus0_.permission as permissi8_17_1_, menus0_.updated_at as updated_9_17_1_ from menu menus0_ where menus0_.parent_id=? order by menus0_.order
2024-10-08 09:08:13,622 INFO c.f.q.u.AppLog [http-nio-8449-exec-2] Insert log
